mode: set
github.com/zoobzio/erd/builder.go:4.40,10.2 1 1
github.com/zoobzio/erd/builder.go:13.64,16.2 2 1
github.com/zoobzio/erd/builder.go:19.54,22.2 2 1
github.com/zoobzio/erd/builder.go:25.63,28.2 2 1
github.com/zoobzio/erd/builder.go:31.37,36.2 1 1
github.com/zoobzio/erd/builder.go:39.50,42.2 2 1
github.com/zoobzio/erd/builder.go:45.48,48.2 2 1
github.com/zoobzio/erd/builder.go:51.56,54.2 2 1
github.com/zoobzio/erd/builder.go:57.53,63.2 1 1
github.com/zoobzio/erd/builder.go:66.57,69.2 2 1
github.com/zoobzio/erd/builder.go:72.49,76.2 3 1
github.com/zoobzio/erd/builder.go:79.49,83.2 3 1
github.com/zoobzio/erd/builder.go:86.45,90.2 3 1
github.com/zoobzio/erd/builder.go:93.47,96.2 2 1
github.com/zoobzio/erd/builder.go:99.54,102.2 2 1
github.com/zoobzio/erd/builder.go:105.85,112.2 1 1
github.com/zoobzio/erd/builder.go:115.62,118.2 2 1
github.com/zoobzio/erd/builder.go:121.60,124.2 2 1
github.com/zoobzio/erd/dot.go:10.34,18.19 5 1
github.com/zoobzio/erd/dot.go:18.19,21.3 2 1
github.com/zoobzio/erd/dot.go:23.2,27.31 3 1
github.com/zoobzio/erd/dot.go:27.31,29.3 1 1
github.com/zoobzio/erd/dot.go:30.2,32.35 2 1
github.com/zoobzio/erd/dot.go:32.35,35.3 2 1
github.com/zoobzio/erd/dot.go:37.2,40.38 2 1
github.com/zoobzio/erd/dot.go:40.38,42.3 1 1
github.com/zoobzio/erd/dot.go:44.2,45.20 2 1
github.com/zoobzio/erd/dot.go:49.45,57.41 4 1
github.com/zoobzio/erd/dot.go:57.41,59.3 1 1
github.com/zoobzio/erd/dot.go:61.2,64.20 3 1
github.com/zoobzio/erd/dot.go:68.49,72.21 2 1
github.com/zoobzio/erd/dot.go:72.21,74.3 1 1
github.com/zoobzio/erd/dot.go:77.2,82.19 2 1
github.com/zoobzio/erd/dot.go:82.19,84.3 1 1
github.com/zoobzio/erd/dot.go:86.2,86.44 1 1
github.com/zoobzio/erd/dot.go:90.54,93.22 3 1
github.com/zoobzio/erd/dot.go:93.22,95.3 1 1
github.com/zoobzio/erd/dot.go:97.2,101.20 1 1
github.com/zoobzio/erd/dot.go:105.46,106.11 1 1
github.com/zoobzio/erd/dot.go:107.16,108.56 1 1
github.com/zoobzio/erd/dot.go:109.17,110.54 1 1
github.com/zoobzio/erd/dot.go:111.17,112.54 1 1
github.com/zoobzio/erd/dot.go:113.18,114.52 1 1
github.com/zoobzio/erd/dot.go:115.10,116.28 1 1
github.com/zoobzio/erd/dot.go:121.33,126.2 4 1
github.com/zoobzio/erd/mermaid.go:10.38,17.31 4 1
github.com/zoobzio/erd/mermaid.go:17.31,19.3 1 1
github.com/zoobzio/erd/mermaid.go:20.2,22.35 2 1
github.com/zoobzio/erd/mermaid.go:22.35,25.42 3 1
github.com/zoobzio/erd/mermaid.go:25.42,27.4 1 1
github.com/zoobzio/erd/mermaid.go:28.3,28.28 1 1
github.com/zoobzio/erd/mermaid.go:32.2,32.38 1 1
github.com/zoobzio/erd/mermaid.go:32.38,34.3 1 1
github.com/zoobzio/erd/mermaid.go:36.2,36.20 1 1
github.com/zoobzio/erd/mermaid.go:40.53,50.21 4 1
github.com/zoobzio/erd/mermaid.go:50.21,52.3 1 1
github.com/zoobzio/erd/mermaid.go:55.2,56.19 2 1
github.com/zoobzio/erd/mermaid.go:56.19,58.3 1 1
github.com/zoobzio/erd/mermaid.go:59.2,59.22 1 1
github.com/zoobzio/erd/mermaid.go:59.22,61.3 1 1
github.com/zoobzio/erd/mermaid.go:63.2,64.23 2 1
github.com/zoobzio/erd/mermaid.go:64.23,66.3 1 1
github.com/zoobzio/erd/mermaid.go:68.2,68.20 1 1
github.com/zoobzio/erd/mermaid.go:72.58,75.22 3 1
github.com/zoobzio/erd/mermaid.go:75.22,77.3 1 1
github.com/zoobzio/erd/mermaid.go:79.2,83.9 1 1
github.com/zoobzio/erd/mermaid.go:87.50,88.11 1 1
github.com/zoobzio/erd/mermaid.go:89.16,90.18 1 1
github.com/zoobzio/erd/mermaid.go:91.17,92.18 1 1
github.com/zoobzio/erd/mermaid.go:93.17,94.18 1 1
github.com/zoobzio/erd/mermaid.go:95.18,96.18 1 1
github.com/zoobzio/erd/mermaid.go:97.10,98.18 1 1
github.com/zoobzio/erd/mermaid.go:103.39,108.2 4 1
github.com/zoobzio/erd/mermaid.go:111.43,114.20 2 1
github.com/zoobzio/erd/mermaid.go:114.20,116.3 1 1
github.com/zoobzio/erd/mermaid.go:119.2,123.17 4 1
github.com/zoobzio/erd/validate.go:15.41,17.2 1 1
github.com/zoobzio/erd/validate.go:20.48,24.38 2 1
github.com/zoobzio/erd/validate.go:24.38,29.3 1 1
github.com/zoobzio/erd/validate.go:32.2,32.26 1 1
github.com/zoobzio/erd/validate.go:32.26,37.3 1 1
github.com/zoobzio/erd/validate.go:40.2,40.39 1 1
github.com/zoobzio/erd/validate.go:40.39,41.63 1 1
github.com/zoobzio/erd/validate.go:41.63,42.37 1 1
github.com/zoobzio/erd/validate.go:42.37,47.5 1 1
github.com/zoobzio/erd/validate.go:52.2,52.38 1 1
github.com/zoobzio/erd/validate.go:52.38,53.71 1 1
github.com/zoobzio/erd/validate.go:53.71,54.34 1 1
github.com/zoobzio/erd/validate.go:54.34,59.5 1 1
github.com/zoobzio/erd/validate.go:63.2,63.15 1 1
github.com/zoobzio/erd/validate.go:67.47,71.37 2 1
github.com/zoobzio/erd/validate.go:71.37,76.3 1 1
github.com/zoobzio/erd/validate.go:79.2,79.28 1 1
github.com/zoobzio/erd/validate.go:79.28,84.3 1 1
github.com/zoobzio/erd/validate.go:87.2,87.36 1 1
github.com/zoobzio/erd/validate.go:87.36,88.57 1 1
github.com/zoobzio/erd/validate.go:88.57,89.35 1 1
github.com/zoobzio/erd/validate.go:89.35,94.5 1 1
github.com/zoobzio/erd/validate.go:98.2,98.15 1 1
github.com/zoobzio/erd/validate.go:102.50,106.37 2 1
github.com/zoobzio/erd/validate.go:106.37,111.3 1 1
github.com/zoobzio/erd/validate.go:114.2,114.37 1 1
github.com/zoobzio/erd/validate.go:114.37,119.3 1 1
github.com/zoobzio/erd/validate.go:122.2,122.18 1 1
github.com/zoobzio/erd/validate.go:122.18,123.30 1 1
github.com/zoobzio/erd/validate.go:123.30,128.4 1 1
github.com/zoobzio/erd/validate.go:131.2,131.15 1 1
github.com/zoobzio/erd/validate.go:135.87,139.37 2 1
github.com/zoobzio/erd/validate.go:139.37,144.3 1 1
github.com/zoobzio/erd/validate.go:144.8,144.51 1 1
github.com/zoobzio/erd/validate.go:144.51,149.3 1 1
github.com/zoobzio/erd/validate.go:152.2,152.35 1 1
github.com/zoobzio/erd/validate.go:152.35,157.3 1 1
github.com/zoobzio/erd/validate.go:157.8,157.49 1 1
github.com/zoobzio/erd/validate.go:157.49,162.3 1 1
github.com/zoobzio/erd/validate.go:165.2,165.38 1 1
github.com/zoobzio/erd/validate.go:165.38,170.3 1 1
github.com/zoobzio/erd/validate.go:173.2,173.40 1 1
github.com/zoobzio/erd/validate.go:173.40,178.3 1 1
github.com/zoobzio/erd/validate.go:180.2,180.15 1 1
github.com/zoobzio/erd/validate.go:184.38,185.12 1 1
github.com/zoobzio/erd/validate.go:186.41,187.14 1 1
github.com/zoobzio/erd/validate.go:188.10,189.15 1 1
github.com/zoobzio/erd/validate.go:194.45,195.11 1 1
github.com/zoobzio/erd/validate.go:196.50,197.14 1 1
github.com/zoobzio/erd/validate.go:198.10,199.15 1 1
